<?xml version="1.0" encoding="UTF-8"?>
<coverage generated="1571380982030" clover="3.2.0">
  <project timestamp="1571380982030" name="All files">
    <metrics statements="15" coveredstatements="12" conditionals="13" coveredconditionals="9" methods="2" coveredmethods="2" elements="30" coveredelements="23" complexity="0" loc="15" ncloc="15" packages="1" files="1" classes="1"/>
    <file name="Card.tsx" path="/home/sbalaji/Documents/POCs/functions/Kogito-React/src/components/CardComponent/Card.tsx">
      <metrics statements="15" coveredstatements="12" conditionals="13" coveredconditionals="9" methods="2" coveredmethods="2"/>
      <line num="2" count="1" type="cond" truecount="3" falsecount="0"/>
      <line num="3" count="1" type="cond" truecount="3" falsecount="1"/>
      <line num="5" count="1" type="stmt"/>
      <line num="6" count="1" type="stmt"/>
      <line num="7" count="1" type="stmt"/>
      <line num="8" count="1" type="stmt"/>
      <line num="9" count="1" type="stmt"/>
      <line num="10" count="1" type="stmt"/>
      <line num="11" count="1" type="cond" truecount="1" falsecount="1"/>
      <line num="12" count="0" type="stmt"/>
      <line num="42" count="1" type="cond" truecount="1" falsecount="1"/>
      <line num="43" count="0" type="stmt"/>
      <line num="59" count="1" type="cond" truecount="1" falsecount="1"/>
      <line num="60" count="0" type="stmt"/>
      <line num="82" count="1" type="stmt"/>
    </file>
  </project>
</coverage>
