{"/home/sbalaji/Documents/POCs/functions/Kogito-React/src/components/CardComponent/Card.tsx": {"path":"/home/sbalaji/Documents/POCs/functions/Kogito-React/src/components/CardComponent/Card.tsx","statementMap":{"0":{"start":{"line":2,"column":22},"end":{"line":4,"column":1}},"1":{"start":{"line":3,"column":4},"end":{"line":3,"column":62}},"2":{"start":{"line":5,"column":0},"end":{"line":5,"column":62}},"3":{"start":{"line":6,"column":14},"end":{"line":6,"column":47}},"4":{"start":{"line":7,"column":19},"end":{"line":7,"column":52}},"5":{"start":{"line":8,"column":19},"end":{"line":8,"column":52}},"6":{"start":{"line":9,"column":20},"end":{"line":9,"column":54}},"7":{"start":{"line":10,"column":20},"end":{"line":81,"column":1}},"8":{"start":{"line":11,"column":4},"end":{"line":80,"column":5}},"9":{"start":{"line":12,"column":8},"end":{"line":40,"column":124}},"10":{"start":{"line":42,"column":9},"end":{"line":80,"column":5}},"11":{"start":{"line":43,"column":8},"end":{"line":57,"column":154}},"12":{"start":{"line":59,"column":9},"end":{"line":80,"column":5}},"13":{"start":{"line":60,"column":8},"end":{"line":79,"column":147}},"14":{"start":{"line":82,"column":0},"end":{"line":82,"column":32}}},"fnMap":{"0":{"name":"(anonymous_0)","decl":{"start":{"line":2,"column":56},"end":{"line":2,"column":57}},"loc":{"start":{"line":2,"column":71},"end":{"line":4,"column":1}},"line":2},"1":{"name":"(anonymous_1)","decl":{"start":{"line":10,"column":20},"end":{"line":10,"column":21}},"loc":{"start":{"line":10,"column":37},"end":{"line":81,"column":1}},"line":10}},"branchMap":{"0":{"loc":{"start":{"line":2,"column":22},"end":{"line":4,"column":1}},"type":"binary-expr","locations":[{"start":{"line":2,"column":23},"end":{"line":2,"column":27}},{"start":{"line":2,"column":31},"end":{"line":2,"column":51}},{"start":{"line":2,"column":56},"end":{"line":4,"column":1}}],"line":2},"1":{"loc":{"start":{"line":3,"column":11},"end":{"line":3,"column":61}},"type":"cond-expr","locations":[{"start":{"line":3,"column":37},"end":{"line":3,"column":40}},{"start":{"line":3,"column":43},"end":{"line":3,"column":61}}],"line":3},"2":{"loc":{"start":{"line":3,"column":12},"end":{"line":3,"column":33}},"type":"binary-expr","locations":[{"start":{"line":3,"column":12},"end":{"line":3,"column":15}},{"start":{"line":3,"column":19},"end":{"line":3,"column":33}}],"line":3},"3":{"loc":{"start":{"line":11,"column":4},"end":{"line":80,"column":5}},"type":"if","locations":[{"start":{"line":11,"column":4},"end":{"line":80,"column":5}},{"start":{"line":11,"column":4},"end":{"line":80,"column":5}}],"line":11},"4":{"loc":{"start":{"line":42,"column":9},"end":{"line":80,"column":5}},"type":"if","locations":[{"start":{"line":42,"column":9},"end":{"line":80,"column":5}},{"start":{"line":42,"column":9},"end":{"line":80,"column":5}}],"line":42},"5":{"loc":{"start":{"line":59,"column":9},"end":{"line":80,"column":5}},"type":"if","locations":[{"start":{"line":59,"column":9},"end":{"line":80,"column":5}},{"start":{"line":59,"column":9},"end":{"line":80,"column":5}}],"line":59}},"s":{"0":1,"1":1,"2":1,"3":1,"4":1,"5":1,"6":1,"7":1,"8":1,"9":0,"10":1,"11":0,"12":1,"13":0,"14":1},"f":{"0":1,"1":1},"b":{"0":[1,1,1],"1":[0,1],"2":[1,1],"3":[0,1],"4":[0,1],"5":[0,1]},"_coverageSchema":"43e27e138ebf9cfc5966b082cf9a028302ed4184","hash":"077835339534d3b072372e2c87b907f89cecfd52"}
}
