TN:
SF:/home/sbalaji/Documents/POCs/functions/Kogito-React/src/components/CardComponent/Card.tsx
FN:2,(anonymous_0)
FN:10,(anonymous_1)
FNF:2
FNH:2
FNDA:1,(anonymous_0)
FNDA:1,(anonymous_1)
DA:2,1
DA:3,1
DA:5,1
DA:6,1
DA:7,1
DA:8,1
DA:9,1
DA:10,1
DA:11,1
DA:12,0
DA:42,1
DA:43,0
DA:59,1
DA:60,0
DA:82,1
LF:15
LH:12
BRDA:2,0,0,1
BRDA:2,0,1,1
BRDA:2,0,2,1
BRDA:3,1,0,0
BRDA:3,1,1,1
BRDA:3,2,0,1
BRDA:3,2,1,1
BRDA:11,3,0,0
BRDA:11,3,1,1
BRDA:42,4,0,0
BRDA:42,4,1,1
BRDA:59,5,0,0
BRDA:59,5,1,1
BRF:13
BRH:9
end_of_record
